<?xml version="1.0" encoding="UTF-8"?>
<!-- Generated by org.testng.reporters.JUnitXMLReporter -->
<testsuite ignored="0" hostname="LAPTOP-A39METFF" failures="0" tests="4" name="LoginTest" time="53.883" errors="0" timestamp="25 Jan 2023 05:16:43 GMT">
  <testcase classname="com.inetBanking.testCases.TC_LoginTest_001" name="LoginTest" time="2.602"/>
  <testcase classname="com.inetBanking.testCases.TC_LoginDDT_002" name="LoginDDT" time="11.162"/>
  <testcase classname="com.inetBanking.testCases.TC_LoginDDT_002" name="LoginDDT" time="13.499"/>
  <testcase classname="com.inetBanking.testCases.TC_AddNewCust_003" name="AddNewCustomer" time="12.687"/>
</testsuite> <!-- LoginTest -->
