<?xml version="1.0" encoding="UTF-8"?>
<testng-results ignored="0" total="1" passed="1" failed="0" skipped="0">
  <reporter-output>
  </reporter-output>
  <suite started-at="2023-01-26T10:25:00Z" name="Suite" finished-at="2023-01-26T10:25:15Z" duration-ms="14570">
    <groups>
    </groups>
    <test started-at="2023-01-26T10:25:00Z" name="LoginTest" finished-at="2023-01-26T10:25:15Z" duration-ms="14570">
      <class name="com.inetBanking.testCases.TC_CustomisedStatement_004">
        <test-method is-config="true" signature="setup(java.lang.String)[pri:0, instance:com.inetBanking.testCases.TC_CustomisedStatement_004@10027fc9]" started-at="2023-01-26T10:25:00Z" name="setup" finished-at="2023-01-26T10:25:05Z" duration-ms="4589" status="PASS">
          <params>
            <param index="0">
              <value>
                <![CDATA[chrome]]>
              </value>
            </param>
          </params>
          <reporter-output>
          </reporter-output>
        </test-method> <!-- setup -->
        <test-method signature="CustomisedStatement()[pri:0, instance:com.inetBanking.testCases.TC_CustomisedStatement_004@10027fc9]" started-at="2023-01-26T10:25:05Z" name="CustomisedStatement" finished-at="2023-01-26T10:25:13Z" duration-ms="8736" status="PASS">
          <reporter-output>
          </reporter-output>
        </test-method> <!-- CustomisedStatement -->
        <test-method is-config="true" signature="teardown()[pri:0, instance:com.inetBanking.testCases.TC_CustomisedStatement_004@10027fc9]" started-at="2023-01-26T10:25:13Z" name="teardown" finished-at="2023-01-26T10:25:15Z" duration-ms="1222" status="PASS">
          <reporter-output>
          </reporter-output>
        </test-method> <!-- teardown -->
      </class> <!-- com.inetBanking.testCases.TC_CustomisedStatement_004 -->
    </test> <!-- LoginTest -->
  </suite> <!-- Suite -->
</testng-results>
