-------------------------------------------------------------------------------
Test set: TestSuite
-------------------------------------------------------------------------------
Tests run: 4, Failures: 1, Errors: 0, Skipped: 0, Time elapsed: 56.208 s <<< FAILURE! - in TestSuite
com.inetBanking.testCases.TC_AddNewCust_003.AddNewCustomer  Time elapsed: 13.297 s  <<< FAILURE!
java.lang.AssertionError
	at com.inetBanking.testCases.TC_AddNewCust_003.AddNewCustomer(TC_AddNewCust_003.java:49)

